<?xml version="1.0" encoding="UTF-8"?>
<!-- Generated by org.testng.reporters.JUnitReportReporter -->
<testsuite skipped="0" hostname="BLRKEC203480L" name="com.restAssured.DataDriven" tests="9" failures="0" timestamp="2020-05-01T00:25:37 SGT" time="10.901" errors="0">
  <testcase name="registerNewUser" time="0.816" classname="com.restAssured.DataDriven"/>
  <system-out/>
  <testcase name="registerNewUser" time="3.606" classname="com.restAssured.DataDriven"/>
  <system-out/>
  <testcase name="registerNewUser" time="0.811" classname="com.restAssured.DataDriven"/>
  <system-out/>
  <testcase name="registerNewUser" time="0.860" classname="com.restAssured.DataDriven"/>
  <system-out/>
  <testcase name="registerNewUser" time="1.072" classname="com.restAssured.DataDriven"/>
  <system-out/>
  <testcase name="registerNewUser" time="1.078" classname="com.restAssured.DataDriven"/>
  <system-out/>
  <testcase name="registerNewUser" time="0.861" classname="com.restAssured.DataDriven"/>
  <system-out/>
  <testcase name="registerNewUser" time="0.869" classname="com.restAssured.DataDriven"/>
  <system-out/>
  <testcase name="registerNewUser" time="0.928" classname="com.restAssured.DataDriven"/>
  <system-out/>
</testsuite> <!-- com.restAssured.DataDriven -->
